{
  "RSpec": {
    "coverage": {
      "/home/saasbook/RubyOnScooters-Scheduler/config/environment.rb": [
        null,
        1,
        null,
        null,
        1
      ],
      "/home/saasbook/RubyOnScooters-Scheduler/config/environments/test.rb": [
        1,
        null,
        null,
        null,
        null,
        null,
        null,
        1,
        null,
        null,
        null,
        null,
        1,
        null,
        null,
        1,
        1,
        null,
        null,
        1,
        1,
        null,
        null,
        1,
        null,
        null,
        1,
        null,
        null,
        null,
        null,
        1,
        null,
        null,
        1,
        null,
        null,
        1,
        null,
        null,
        null,
        null
      ],
      "/home/saasbook/RubyOnScooters-Scheduler/config/initializers/assets.rb": [
        null,
        null,
        null,
        1,
        null,
        null,
        null,
        null,
        null,
        null,
        null,
        1
      ],
      "/home/saasbook/RubyOnScooters-Scheduler/config/initializers/backtrace_silencers.rb": [
        null,
        null,
        null,
        null,
        null,
        null,
        null
      ],
      "/home/saasbook/RubyOnScooters-Scheduler/config/initializers/cookies_serializer.rb": [
        null,
        null,
        1
      ],
      "/home/saasbook/RubyOnScooters-Scheduler/config/initializers/filter_parameter_logging.rb": [
        null,
        null,
        null,
        1
      ],
      "/home/saasbook/RubyOnScooters-Scheduler/config/initializers/inflections.rb": [
        null,
        null,
        null,
        null,
        null,
        null,
        null,
        null,
        null,
        null,
        null,
        null,
        null,
        null,
        null,
        null
      ],
      "/home/saasbook/RubyOnScooters-Scheduler/config/initializers/mime_types.rb": [
        null,
        null,
        null,
        null
      ],
      "/home/saasbook/RubyOnScooters-Scheduler/config/initializers/session_store.rb": [
        null,
        null,
        1
      ],
      "/home/saasbook/RubyOnScooters-Scheduler/config/initializers/wrap_parameters.rb": [
        null,
        null,
        null,
        null,
        null,
        null,
        1,
        1,
        null,
        null,
        null,
        null,
        null,
        null
      ],
      "/home/saasbook/RubyOnScooters-Scheduler/config/routes.rb": [
        1,
        1,
        1,
        null,
        null,
        1,
        null,
        1,
        null,
        1,
        null,
        1,
        1,
        null
      ],
      "/home/saasbook/RubyOnScooters-Scheduler/test/controllers/facilities_controller_test.rb": [
        1,
        null,
        1,
        1,
        0,
        null,
        null,
        1,
        0,
        0,
        0,
        null,
        null,
        1,
        0,
        0,
        null,
        null,
        1,
        0,
        0,
        null,
        null,
        0,
        null,
        null,
        1,
        0,
        0,
        null,
        null,
        1,
        0,
        0,
        null,
        null,
        1,
        0,
        0,
        null,
        null,
        1,
        0,
        0,
        null,
        null,
        0,
        null,
        null
      ],
      "/home/saasbook/RubyOnScooters-Scheduler/test/controllers/resources_controller_test.rb": [
        1,
        null,
        1,
        1,
        0,
        null,
        null,
        1,
        0,
        0,
        0,
        null,
        null,
        1,
        0,
        0,
        null,
        null,
        1,
        0,
        0,
        null,
        null,
        null,
        null,
        0,
        null,
        null,
        1,
        0,
        0,
        null,
        null,
        1,
        0,
        0,
        null,
        null,
        1,
        0,
        null,
        null,
        0,
        null,
        null,
        1,
        0,
        0,
        null,
        null,
        0,
        null,
        null
      ],
      "/home/saasbook/RubyOnScooters-Scheduler/test/controllers/users_controller_test.rb": [
        1,
        null,
        1,
        1,
        0,
        null,
        null,
        1,
        0,
        0,
        0,
        null,
        null,
        1,
        0,
        0,
        null,
        null,
        1,
        0,
        0,
        null,
        null,
        0,
        null,
        null,
        1,
        0,
        0,
        null,
        null,
        1,
        0,
        0,
        null,
        null,
        1,
        0,
        0,
        null,
        null,
        1,
        0,
        0,
        null,
        null,
        0,
        null,
        null
      ],
      "/home/saasbook/RubyOnScooters-Scheduler/test/models/event_test.rb": [
        1,
        null,
        1,
        null,
        null,
        null,
        null
      ],
      "/home/saasbook/RubyOnScooters-Scheduler/test/models/facility_test.rb": [
        1,
        null,
        1,
        0,
        0,
        null,
        null,
        0,
        0,
        0,
        null,
        null,
        null,
        0,
        0,
        0,
        null,
        null,
        null,
        0,
        0,
        0,
        null,
        null,
        null,
        0,
        0,
        0,
        null,
        null,
        null,
        0,
        0,
        null,
        null,
        0,
        0,
        null,
        null,
        null
      ]
    },
    "timestamp": 1429041053
  },
  "Unit Tests": {
    "coverage": {
      "/home/saasbook/RubyOnScooters-Scheduler/config/environment.rb": [
        null,
        1,
        null,
        null,
        1
      ],
      "/home/saasbook/RubyOnScooters-Scheduler/config/application.rb": [
        1,
        null,
        1,
        null,
        null,
        null,
        1,
        null,
        1,
        1,
        null,
        null,
        null,
        null,
        null,
        null,
        null,
        null,
        null,
        null,
        null,
        null,
        null,
        1,
        null,
        null
      ],
      "/home/saasbook/RubyOnScooters-Scheduler/config/boot.rb": [
        1,
        null,
        1
      ],
      "/home/saasbook/RubyOnScooters-Scheduler/config/environments/test.rb": [
        1,
        null,
        null,
        null,
        null,
        null,
        null,
        1,
        null,
        null,
        null,
        null,
        1,
        null,
        null,
        1,
        1,
        null,
        null,
        1,
        1,
        null,
        null,
        1,
        null,
        null,
        1,
        null,
        null,
        null,
        null,
        1,
        null,
        null,
        1,
        null,
        null,
        1,
        null,
        null,
        null,
        null
      ],
      "/home/saasbook/RubyOnScooters-Scheduler/config/initializers/assets.rb": [
        null,
        null,
        null,
        1,
        null,
        null,
        null,
        null,
        null,
        null,
        null,
        1
      ],
      "/home/saasbook/RubyOnScooters-Scheduler/config/initializers/backtrace_silencers.rb": [
        null,
        null,
        null,
        null,
        null,
        null,
        null
      ],
      "/home/saasbook/RubyOnScooters-Scheduler/config/initializers/cookies_serializer.rb": [
        null,
        null,
        1
      ],
      "/home/saasbook/RubyOnScooters-Scheduler/config/initializers/filter_parameter_logging.rb": [
        null,
        null,
        null,
        1
      ],
      "/home/saasbook/RubyOnScooters-Scheduler/config/initializers/inflections.rb": [
        null,
        null,
        null,
        null,
        null,
        null,
        null,
        null,
        null,
        null,
        null,
        null,
        null,
        null,
        null,
        null
      ],
      "/home/saasbook/RubyOnScooters-Scheduler/config/initializers/mime_types.rb": [
        null,
        null,
        null,
        null
      ],
      "/home/saasbook/RubyOnScooters-Scheduler/config/initializers/session_store.rb": [
        null,
        null,
        1
      ],
      "/home/saasbook/RubyOnScooters-Scheduler/config/initializers/wrap_parameters.rb": [
        null,
        null,
        null,
        null,
        null,
        null,
        1,
        1,
        null,
        null,
        null,
        null,
        null,
        null
      ],
      "/home/saasbook/RubyOnScooters-Scheduler/config/routes.rb": [
        1,
        1,
        1,
        null,
        null,
        1,
        null,
        1,
        null,
        1,
        null,
        1,
        1,
        null
      ],
      "/home/saasbook/RubyOnScooters-Scheduler/app/models/user.rb": [
        1,
        1,
        1,
        1,
        1,
        1,
        1,
        1,
        null
      ]
    },
    "timestamp": 1429041963
  }
}
